\BOOKMARK [0][-]{chapter.1}{Pilot study}{}% 1
\BOOKMARK [1][-]{section.1.1}{Objective}{chapter.1}% 2
\BOOKMARK [1][-]{section.1.2}{Research question}{chapter.1}% 3
\BOOKMARK [1][-]{section.1.3}{Literature study}{chapter.1}% 4
\BOOKMARK [1][-]{section.1.4}{Specific problem definition}{chapter.1}% 5
\BOOKMARK [1][-]{section.1.5}{Using a null hypothesis to tune our models}{chapter.1}% 6
\BOOKMARK [0][-]{chapter.2}{Hidden Markov Model}{}% 7
\BOOKMARK [1][-]{section.2.1}{Mathematical definition}{chapter.2}% 8
\BOOKMARK [1][-]{section.2.2}{Tuning the Hidden Markov Model}{chapter.2}% 9
\BOOKMARK [1][-]{section.2.3}{Mathematical interpretation}{chapter.2}% 10
\BOOKMARK [2][-]{subsection.2.3.1}{Application to events derived from a constant probability}{section.2.3}% 11
\BOOKMARK [2][-]{subsection.2.3.2}{Detection of a single change point}{section.2.3}% 12
\BOOKMARK [0][-]{chapter.3}{Binary Segmentation Model}{}% 13
\BOOKMARK [0][-]{chapter.4}{Model comparison and Discussion}{}% 14
\BOOKMARK [1][-]{section.4.1}{Detection of single change points}{chapter.4}% 15
\BOOKMARK [1][-]{section.4.2}{Generalization to multiple change points}{chapter.4}% 16
\BOOKMARK [1][-]{section.4.3}{Efficiency and generalization to an online algorithm}{chapter.4}% 17
\BOOKMARK [0][-]{chapter.5}{Conclusion}{}% 18
\BOOKMARK [1][-]{section.5.1}{Discussion}{chapter.5}% 19
\BOOKMARK [1][-]{section.5.2}{Future Work}{chapter.5}% 20
\BOOKMARK [0][-]{chapter*.15}{Bibliography}{}% 21
