\BOOKMARK [1][-]{section*.2}{Introduction}{}% 1
\BOOKMARK [1][-]{section.1}{Pilot study}{}% 2
\BOOKMARK [2][-]{subsection.1.1}{News value}{section.1}% 3
\BOOKMARK [2][-]{subsection.1.2}{Correlation metrics}{section.1}% 4
\BOOKMARK [2][-]{subsection.1.3}{Association metrics}{section.1}% 5
\BOOKMARK [2][-]{subsection.1.4}{Application to heterogeneous data}{section.1}% 6
\BOOKMARK [1][-]{section.2}{Defining association for heterogeneous time series}{}% 7
\BOOKMARK [2][-]{subsection.2.1}{Fundamental properties}{section.2}% 8
\BOOKMARK [3][-]{subsubsection.2.1.1}{Notations and definitions}{subsection.2.1}% 9
\BOOKMARK [3][-]{subsubsection.2.1.2}{Properties}{subsection.2.1}% 10
\BOOKMARK [2][-]{subsection.2.2}{Expected behavior for simple examples}{section.2}% 11
\BOOKMARK [3][-]{subsubsection.2.2.1}{Categorical and event data}{subsection.2.2}% 12
\BOOKMARK [3][-]{subsubsection.2.2.2}{Numerical and event data}{subsection.2.2}% 13
\BOOKMARK [2][-]{subsection.2.3}{Comparison of different metrics}{section.2}% 14
\BOOKMARK [3][-]{subsubsection.2.3.1}{Pearson Correlation Coefficient}{subsection.2.3}% 15
\BOOKMARK [3][-]{subsubsection.2.3.2}{Spearman and Kendall Correlation Coefficients}{subsection.2.3}% 16
\BOOKMARK [3][-]{subsubsection.2.3.3}{Null hypothesis}{subsection.2.3}% 17
\BOOKMARK [3][-]{subsubsection.2.3.4}{Conclusion}{subsection.2.3}% 18
\BOOKMARK [1][-]{section.3}{Application to real data}{}% 19
\BOOKMARK [2][-]{subsection.3.1}{Preprocessing}{section.3}% 20
\BOOKMARK [2][-]{subsection.3.2}{Data}{section.3}% 21
\BOOKMARK [2][-]{subsection.3.3}{Results}{section.3}% 22
\BOOKMARK [1][-]{section*.22}{Appendix}{}% 23
\BOOKMARK [1][-]{section.1}{Mutual information generalization}{}% 24
