This is pdfTeX, Version 3.14159265-2.6-1.40.19 (MiKTeX 2.9.6650) (preloaded format=pdflatex 2018.3.28)  2 APR 2018 12:01
entering extended mode
**./master_thesis.tex
(master_thesis.tex
LaTeX2e <2017-04-15>
Babel <3.18> and hyphenation patterns for 0 language(s) loaded.

("/Users/aguinaudeau/Library/Application Support/MiKTeX/texmfs/install/tex/late
x/base/article.cls"
Document Class: article 2014/09/29 v1.4h Standard LaTeX document class

("/Users/aguinaudeau/Library/Application Support/MiKTeX/texmfs/install/tex/late
x/base/size12.clo"
File: size12.clo 2014/09/29 v1.4h Standard LaTeX file (size option)
)
\c@part=\count79
\c@section=\count80
\c@subsection=\count81
\c@subsubsection=\count82
\c@paragraph=\count83
\c@subparagraph=\count84
\c@figure=\count85
\c@table=\count86
\abovecaptionskip=\skip41
\belowcaptionskip=\skip42
\bibindent=\dimen102
)
("/Users/aguinaudeau/Library/Application Support/MiKTeX/texmfs/install/tex/late
x/base/textcomp.sty"
Package: textcomp 2017/04/05 v2.0i Standard LaTeX package
Package textcomp Info: Sub-encoding information:
(textcomp)               5 = only ISO-Adobe without \textcurrency
(textcomp)               4 = 5 + \texteuro
(textcomp)               3 = 4 + \textohm
(textcomp)               2 = 3 + \textestimated + \textcurrency
(textcomp)               1 = TS1 - \textcircled - \t
(textcomp)               0 = TS1 (full)
(textcomp)             Font families with sub-encoding setting implement
(textcomp)             only a restricted character set as indicated.
(textcomp)             Family '?' is the default used for unknown fonts.
(textcomp)             See the documentation for details.
Package textcomp Info: Setting ? sub-encoding to TS1/1 on input line 79.

("/Users/aguinaudeau/Library/Application Support/MiKTeX/texmfs/install/tex/late
x/base/ts1enc.def"
File: ts1enc.def 2001/06/05 v3.0e (jk/car/fm) Standard LaTeX file
)
LaTeX Info: Redefining \oldstylenums on input line 334.
Package textcomp Info: Setting cmr sub-encoding to TS1/0 on input line 349.
Package textcomp Info: Setting cmss sub-encoding to TS1/0 on input line 350.
Package textcomp Info: Setting cmtt sub-encoding to TS1/0 on input line 351.
Package textcomp Info: Setting cmvtt sub-encoding to TS1/0 on input line 352.
Package textcomp Info: Setting cmbr sub-encoding to TS1/0 on input line 353.
Package textcomp Info: Setting cmtl sub-encoding to TS1/0 on input line 354.
Package textcomp Info: Setting ccr sub-encoding to TS1/0 on input line 355.
Package textcomp Info: Setting ptm sub-encoding to TS1/4 on input line 356.
Package textcomp Info: Setting pcr sub-encoding to TS1/4 on input line 357.
Package textcomp Info: Setting phv sub-encoding to TS1/4 on input line 358.
Package textcomp Info: Setting ppl sub-encoding to TS1/3 on input line 359.
Package textcomp Info: Setting pag sub-encoding to TS1/4 on input line 360.
Package textcomp Info: Setting pbk sub-encoding to TS1/4 on input line 361.
Package textcomp Info: Setting pnc sub-encoding to TS1/4 on input line 362.
Package textcomp Info: Setting pzc sub-encoding to TS1/4 on input line 363.
Package textcomp Info: Setting bch sub-encoding to TS1/4 on input line 364.
Package textcomp Info: Setting put sub-encoding to TS1/5 on input line 365.
Package textcomp Info: Setting uag sub-encoding to TS1/5 on input line 366.
Package textcomp Info: Setting ugq sub-encoding to TS1/5 on input line 367.
Package textcomp Info: Setting ul8 sub-encoding to TS1/4 on input line 368.
Package textcomp Info: Setting ul9 sub-encoding to TS1/4 on input line 369.
Package textcomp Info: Setting augie sub-encoding to TS1/5 on input line 370.
Package textcomp Info: Setting dayrom sub-encoding to TS1/3 on input line 371.
Package textcomp Info: Setting dayroms sub-encoding to TS1/3 on input line 372.

Package textcomp Info: Setting pxr sub-encoding to TS1/0 on input line 373.
Package textcomp Info: Setting pxss sub-encoding to TS1/0 on input line 374.
Package textcomp Info: Setting pxtt sub-encoding to TS1/0 on input line 375.
Package textcomp Info: Setting txr sub-encoding to TS1/0 on input line 376.
Package textcomp Info: Setting txss sub-encoding to TS1/0 on input line 377.
Package textcomp Info: Setting txtt sub-encoding to TS1/0 on input line 378.
Package textcomp Info: Setting lmr sub-encoding to TS1/0 on input line 379.
Package textcomp Info: Setting lmdh sub-encoding to TS1/0 on input line 380.
Package textcomp Info: Setting lmss sub-encoding to TS1/0 on input line 381.
Package textcomp Info: Setting lmssq sub-encoding to TS1/0 on input line 382.
Package textcomp Info: Setting lmvtt sub-encoding to TS1/0 on input line 383.
Package textcomp Info: Setting lmtt sub-encoding to TS1/0 on input line 384.
Package textcomp Info: Setting qhv sub-encoding to TS1/0 on input line 385.
Package textcomp Info: Setting qag sub-encoding to TS1/0 on input line 386.
Package textcomp Info: Setting qbk sub-encoding to TS1/0 on input line 387.
Package textcomp Info: Setting qcr sub-encoding to TS1/0 on input line 388.
Package textcomp Info: Setting qcs sub-encoding to TS1/0 on input line 389.
Package textcomp Info: Setting qpl sub-encoding to TS1/0 on input line 390.
Package textcomp Info: Setting qtm sub-encoding to TS1/0 on input line 391.
Package textcomp Info: Setting qzc sub-encoding to TS1/0 on input line 392.
Package textcomp Info: Setting qhvc sub-encoding to TS1/0 on input line 393.
Package textcomp Info: Setting futs sub-encoding to TS1/4 on input line 394.
Package textcomp Info: Setting futx sub-encoding to TS1/4 on input line 395.
Package textcomp Info: Setting futj sub-encoding to TS1/4 on input line 396.
Package textcomp Info: Setting hlh sub-encoding to TS1/3 on input line 397.
Package textcomp Info: Setting hls sub-encoding to TS1/3 on input line 398.
Package textcomp Info: Setting hlst sub-encoding to TS1/3 on input line 399.
Package textcomp Info: Setting hlct sub-encoding to TS1/5 on input line 400.
Package textcomp Info: Setting hlx sub-encoding to TS1/5 on input line 401.
Package textcomp Info: Setting hlce sub-encoding to TS1/5 on input line 402.
Package textcomp Info: Setting hlcn sub-encoding to TS1/5 on input line 403.
Package textcomp Info: Setting hlcw sub-encoding to TS1/5 on input line 404.
Package textcomp Info: Setting hlcf sub-encoding to TS1/5 on input line 405.
Package textcomp Info: Setting pplx sub-encoding to TS1/3 on input line 406.
Package textcomp Info: Setting pplj sub-encoding to TS1/3 on input line 407.
Package textcomp Info: Setting ptmx sub-encoding to TS1/4 on input line 408.
Package textcomp Info: Setting ptmj sub-encoding to TS1/4 on input line 409.
)
("/Users/aguinaudeau/Library/Application Support/MiKTeX/texmfs/install/tex/late
x/base/inputenc.sty"
Package: inputenc 2015/03/17 v1.2c Input encoding file
\inpenc@prehook=\toks14
\inpenc@posthook=\toks15

("/Users/aguinaudeau/Library/Application Support/MiKTeX/texmfs/install/tex/late
x/base/latin1.def"
File: latin1.def 2015/03/17 v1.2c Input encoding file
))
("/Users/aguinaudeau/Library/Application Support/MiKTeX/texmfs/install/tex/late
x/base/fontenc.sty"
Package: fontenc 2017/04/05 v2.0i Standard LaTeX package

("/Users/aguinaudeau/Library/Application Support/MiKTeX/texmfs/install/tex/late
x/base/t1enc.def"
File: t1enc.def 2017/04/05 v2.0i Standard LaTeX file
LaTeX Font Info:    Redeclaring font encoding T1 on input line 48.
))
("/Users/aguinaudeau/Library/Application Support/MiKTeX/texmfs/install/tex/late
x/lm/lmodern.sty"
Package: lmodern 2009/10/30 v1.6 Latin Modern Fonts
LaTeX Font Info:    Overwriting symbol font `operators' in version `normal'
(Font)                  OT1/cmr/m/n --> OT1/lmr/m/n on input line 22.
LaTeX Font Info:    Overwriting symbol font `letters' in version `normal'
(Font)                  OML/cmm/m/it --> OML/lmm/m/it on input line 23.
LaTeX Font Info:    Overwriting symbol font `symbols' in version `normal'
(Font)                  OMS/cmsy/m/n --> OMS/lmsy/m/n on input line 24.
LaTeX Font Info:    Overwriting symbol font `largesymbols' in version `normal'
(Font)                  OMX/cmex/m/n --> OMX/lmex/m/n on input line 25.
LaTeX Font Info:    Overwriting symbol font `operators' in version `bold'
(Font)                  OT1/cmr/bx/n --> OT1/lmr/bx/n on input line 26.
LaTeX Font Info:    Overwriting symbol font `letters' in version `bold'
(Font)                  OML/cmm/b/it --> OML/lmm/b/it on input line 27.
LaTeX Font Info:    Overwriting symbol font `symbols' in version `bold'
(Font)                  OMS/cmsy/b/n --> OMS/lmsy/b/n on input line 28.
LaTeX Font Info:    Overwriting symbol font `largesymbols' in version `bold'
(Font)                  OMX/cmex/m/n --> OMX/lmex/m/n on input line 29.
LaTeX Font Info:    Overwriting math alphabet `\mathbf' in version `normal'
(Font)                  OT1/cmr/bx/n --> OT1/lmr/bx/n on input line 31.
LaTeX Font Info:    Overwriting math alphabet `\mathsf' in version `normal'
(Font)                  OT1/cmss/m/n --> OT1/lmss/m/n on input line 32.
LaTeX Font Info:    Overwriting math alphabet `\mathit' in version `normal'
(Font)                  OT1/cmr/m/it --> OT1/lmr/m/it on input line 33.
LaTeX Font Info:    Overwriting math alphabet `\mathtt' in version `normal'
(Font)                  OT1/cmtt/m/n --> OT1/lmtt/m/n on input line 34.
LaTeX Font Info:    Overwriting math alphabet `\mathbf' in version `bold'
(Font)                  OT1/cmr/bx/n --> OT1/lmr/bx/n on input line 35.
LaTeX Font Info:    Overwriting math alphabet `\mathsf' in version `bold'
(Font)                  OT1/cmss/bx/n --> OT1/lmss/bx/n on input line 36.
LaTeX Font Info:    Overwriting math alphabet `\mathit' in version `bold'
(Font)                  OT1/cmr/bx/it --> OT1/lmr/bx/it on input line 37.
LaTeX Font Info:    Overwriting math alphabet `\mathtt' in version `bold'
(Font)                  OT1/cmtt/m/n --> OT1/lmtt/m/n on input line 38.
)
("/Users/aguinaudeau/Library/Application Support/MiKTeX/texmfs/install/tex/late
x/amsmath/amsmath.sty"
Package: amsmath 2017/09/02 v2.17a AMS math features
\@mathmargin=\skip43

For additional information on amsmath, use the `?' option.

("/Users/aguinaudeau/Library/Application Support/MiKTeX/texmfs/install/tex/late
x/amsmath/amstext.sty"
Package: amstext 2000/06/29 v2.01 AMS text

("/Users/aguinaudeau/Library/Application Support/MiKTeX/texmfs/install/tex/late
x/amsmath/amsgen.sty"
File: amsgen.sty 1999/11/30 v2.0 generic functions
\@emptytoks=\toks16
\ex@=\dimen103
))
("/Users/aguinaudeau/Library/Application Support/MiKTeX/texmfs/install/tex/late
x/amsmath/amsbsy.sty"
Package: amsbsy 1999/11/29 v1.2d Bold Symbols
\pmbraise@=\dimen104
)
("/Users/aguinaudeau/Library/Application Support/MiKTeX/texmfs/install/tex/late
x/amsmath/amsopn.sty"
Package: amsopn 2016/03/08 v2.02 operator names
)
\inf@bad=\count87
LaTeX Info: Redefining \frac on input line 213.
\uproot@=\count88
\leftroot@=\count89
LaTeX Info: Redefining \overline on input line 375.
\classnum@=\count90
\DOTSCASE@=\count91
LaTeX Info: Redefining \ldots on input line 472.
LaTeX Info: Redefining \dots on input line 475.
LaTeX Info: Redefining \cdots on input line 596.
\Mathstrutbox@=\box26
\strutbox@=\box27
\big@size=\dimen105
LaTeX Font Info:    Redeclaring font encoding OML on input line 712.
LaTeX Font Info:    Redeclaring font encoding OMS on input line 713.
\macc@depth=\count92
\c@MaxMatrixCols=\count93
\dotsspace@=\muskip10
\c@parentequation=\count94
\dspbrk@lvl=\count95
\tag@help=\toks17
\row@=\count96
\column@=\count97
\maxfields@=\count98
\andhelp@=\toks18
\eqnshift@=\dimen106
\alignsep@=\dimen107
\tagshift@=\dimen108
\tagwidth@=\dimen109
\totwidth@=\dimen110
\lineht@=\dimen111
\@envbody=\toks19
\multlinegap=\skip44
\multlinetaggap=\skip45
\mathdisplay@stack=\toks20
LaTeX Info: Redefining \[ on input line 2817.
LaTeX Info: Redefining \] on input line 2818.
)
("/Users/aguinaudeau/Library/Application Support/MiKTeX/texmfs/install/tex/late
x/amsfonts/amsfonts.sty"
Package: amsfonts 2013/01/14 v3.01 Basic AMSFonts support
\symAMSa=\mathgroup4
\symAMSb=\mathgroup5
LaTeX Font Info:    Overwriting math alphabet `\mathfrak' in version `bold'
(Font)                  U/euf/m/n --> U/euf/b/n on input line 106.
)
("/Users/aguinaudeau/Library/Application Support/MiKTeX/texmfs/install/tex/late
x/amsfonts/amssymb.sty"
Package: amssymb 2013/01/14 v3.01 AMS font symbols
)
("/Users/aguinaudeau/Library/Application Support/MiKTeX/texmfs/install/tex/late
x/amscls/amsthm.sty"
Package: amsthm 2017/10/31 v2.20.4
\thm@style=\toks21
\thm@bodyfont=\toks22
\thm@headfont=\toks23
\thm@notefont=\toks24
\thm@headpunct=\toks25
\thm@preskip=\skip46
\thm@postskip=\skip47
\thm@headsep=\skip48
\dth@everypar=\toks26
)
("/Users/aguinaudeau/Library/Application Support/MiKTeX/texmfs/install/tex/late
x/graphics/color.sty"
Package: color 2016/07/10 v1.1e Standard LaTeX Color (DPC)

("/Users/aguinaudeau/Library/Application Support/MiKTeX/texmfs/install/tex/late
x/graphics-cfg/color.cfg"
File: color.cfg 2016/01/02 v1.6 sample color configuration
)
Package color Info: Driver file: pdftex.def on input line 147.

("/Users/aguinaudeau/Library/Application Support/MiKTeX/texmfs/install/tex/late
x/graphics-def/pdftex.def"
File: pdftex.def 2018/01/08 v1.0l Graphics/color driver for pdftex
))
("/Users/aguinaudeau/Library/Application Support/MiKTeX/texmfs/install/tex/late
x/graphics/graphicx.sty"
Package: graphicx 2017/06/01 v1.1a Enhanced LaTeX Graphics (DPC,SPQR)

("/Users/aguinaudeau/Library/Application Support/MiKTeX/texmfs/install/tex/late
x/graphics/keyval.sty"
Package: keyval 2014/10/28 v1.15 key=value parser (DPC)
\KV@toks@=\toks27
)
("/Users/aguinaudeau/Library/Application Support/MiKTeX/texmfs/install/tex/late
x/graphics/graphics.sty"
Package: graphics 2017/06/25 v1.2c Standard LaTeX Graphics (DPC,SPQR)

("/Users/aguinaudeau/Library/Application Support/MiKTeX/texmfs/install/tex/late
x/graphics/trig.sty"
Package: trig 2016/01/03 v1.10 sin cos tan (DPC)
)
("/Users/aguinaudeau/Library/Application Support/MiKTeX/texmfs/install/tex/late
x/graphics-cfg/graphics.cfg"
File: graphics.cfg 2016/06/04 v1.11 sample graphics configuration
)
Package graphics Info: Driver file: pdftex.def on input line 99.
)
\Gin@req@height=\dimen112
\Gin@req@width=\dimen113
)
("/Users/aguinaudeau/Library/Application Support/MiKTeX/texmfs/install/tex/late
x/hyperref/hyperref.sty"
Package: hyperref 2018/02/06 v6.86b Hypertext links for LaTeX

("/Users/aguinaudeau/Library/Application Support/MiKTeX/texmfs/install/tex/gene
ric/oberdiek/hobsub-hyperref.sty"
Package: hobsub-hyperref 2016/05/16 v1.14 Bundle oberdiek, subset hyperref (HO)


("/Users/aguinaudeau/Library/Application Support/MiKTeX/texmfs/install/tex/gene
ric/oberdiek/hobsub-generic.sty"
Package: hobsub-generic 2016/05/16 v1.14 Bundle oberdiek, subset generic (HO)
Package: hobsub 2016/05/16 v1.14 Construct package bundles (HO)
Package: infwarerr 2016/05/16 v1.4 Providing info/warning/error messages (HO)
Package: ltxcmds 2016/05/16 v1.23 LaTeX kernel commands for general use (HO)
Package: ifluatex 2016/05/16 v1.4 Provides the ifluatex switch (HO)
Package ifluatex Info: LuaTeX not detected.
Package: ifvtex 2016/05/16 v1.6 Detect VTeX and its facilities (HO)
Package ifvtex Info: VTeX not detected.
Package: intcalc 2016/05/16 v1.2 Expandable calculations with integers (HO)
Package: ifpdf 2017/03/15 v3.2 Provides the ifpdf switch
Package: etexcmds 2016/05/16 v1.6 Avoid name clashes with e-TeX commands (HO)
Package etexcmds Info: Could not find \expanded.
(etexcmds)             That can mean that you are not using pdfTeX 1.50 or
(etexcmds)             that some package has redefined \expanded.
(etexcmds)             In the latter case, load this package earlier.
Package: kvsetkeys 2016/05/16 v1.17 Key value parser (HO)
Package: kvdefinekeys 2016/05/16 v1.4 Define keys (HO)
Package: pdftexcmds 2018/01/21 v0.26 Utility functions of pdfTeX for LuaTeX (HO
)
Package pdftexcmds Info: LuaTeX not detected.
Package pdftexcmds Info: \pdf@primitive is available.
Package pdftexcmds Info: \pdf@ifprimitive is available.
Package pdftexcmds Info: \pdfdraftmode found.
Package: pdfescape 2016/05/16 v1.14 Implements pdfTeX's escape features (HO)
Package: bigintcalc 2016/05/16 v1.4 Expandable calculations on big integers (HO
)
Package: bitset 2016/05/16 v1.2 Handle bit-vector datatype (HO)
Package: uniquecounter 2016/05/16 v1.3 Provide unlimited unique counter (HO)
)
Package hobsub Info: Skipping package `hobsub' (already loaded).
Package: letltxmacro 2016/05/16 v1.5 Let assignment for LaTeX macros (HO)
Package: hopatch 2016/05/16 v1.3 Wrapper for package hooks (HO)
Package: xcolor-patch 2016/05/16 xcolor patch
Package: atveryend 2016/05/16 v1.9 Hooks at the very end of document (HO)
Package atveryend Info: \enddocument detected (standard20110627).
Package: atbegshi 2016/06/09 v1.18 At begin shipout hook (HO)
Package: refcount 2016/05/16 v3.5 Data extraction from label references (HO)
Package: hycolor 2016/05/16 v1.8 Color options for hyperref/bookmark (HO)
)
("/Users/aguinaudeau/Library/Application Support/MiKTeX/texmfs/install/tex/gene
ric/ifxetex/ifxetex.sty"
Package: ifxetex 2010/09/12 v0.6 Provides ifxetex conditional
)
("/Users/aguinaudeau/Library/Application Support/MiKTeX/texmfs/install/tex/late
x/oberdiek/auxhook.sty"
Package: auxhook 2016/05/16 v1.4 Hooks for auxiliary files (HO)
)
("/Users/aguinaudeau/Library/Application Support/MiKTeX/texmfs/install/tex/late
x/oberdiek/kvoptions.sty"
Package: kvoptions 2016/05/16 v3.12 Key value format for package options (HO)
)
\@linkdim=\dimen114
\Hy@linkcounter=\count99
\Hy@pagecounter=\count100

("/Users/aguinaudeau/Library/Application Support/MiKTeX/texmfs/install/tex/late
x/hyperref/pd1enc.def"
File: pd1enc.def 2018/02/06 v6.86b Hyperref: PDFDocEncoding definition (HO)
)
\Hy@SavedSpaceFactor=\count101

("/Users/aguinaudeau/Library/Application Support/MiKTeX/texmfs/install/tex/late
x/00miktex/hyperref.cfg"
File: hyperref.cfg 2002/06/06 v1.2 hyperref configuration of TeXLive
)
Package hyperref Info: Hyper figures OFF on input line 4509.
Package hyperref Info: Link nesting OFF on input line 4514.
Package hyperref Info: Hyper index ON on input line 4517.
Package hyperref Info: Plain pages OFF on input line 4524.
Package hyperref Info: Backreferencing OFF on input line 4529.
Package hyperref Info: Implicit mode ON; LaTeX internals redefined.
Package hyperref Info: Bookmarks ON on input line 4762.
\c@Hy@tempcnt=\count102

("/Users/aguinaudeau/Library/Application Support/MiKTeX/texmfs/install/tex/late
x/url/url.sty"
\Urlmuskip=\muskip11
Package: url 2013/09/16  ver 3.4  Verb mode for urls, etc.
)
LaTeX Info: Redefining \url on input line 5115.
\XeTeXLinkMargin=\dimen115
\Fld@menulength=\count103
\Field@Width=\dimen116
\Fld@charsize=\dimen117
Package hyperref Info: Hyper figures OFF on input line 6369.
Package hyperref Info: Link nesting OFF on input line 6374.
Package hyperref Info: Hyper index ON on input line 6377.
Package hyperref Info: backreferencing OFF on input line 6384.
Package hyperref Info: Link coloring OFF on input line 6389.
Package hyperref Info: Link coloring with OCG OFF on input line 6394.
Package hyperref Info: PDF/A mode OFF on input line 6399.
LaTeX Info: Redefining \ref on input line 6439.
LaTeX Info: Redefining \pageref on input line 6443.
\Hy@abspage=\count104
\c@Item=\count105
\c@Hfootnote=\count106
)
Package hyperref Info: Driver (autodetected): hpdftex.

("/Users/aguinaudeau/Library/Application Support/MiKTeX/texmfs/install/tex/late
x/hyperref/hpdftex.def"
File: hpdftex.def 2018/02/06 v6.86b Hyperref driver for pdfTeX
\Fld@listcount=\count107
\c@bookmark@seq@number=\count108

("/Users/aguinaudeau/Library/Application Support/MiKTeX/texmfs/install/tex/late
x/oberdiek/rerunfilecheck.sty"
Package: rerunfilecheck 2016/05/16 v1.8 Rerun checks for auxiliary files (HO)
Package uniquecounter Info: New unique counter `rerunfilecheck' on input line 2
82.
)
\Hy@SectionHShift=\skip49
)
("/Users/aguinaudeau/Library/Application Support/MiKTeX/texmfs/install/tex/late
x/algorithm2e/algorithm2e.sty"
Package: algorithm2e 2017/07/18 v5.2 algorithms environments
\c@AlgoLine=\count109

("/Users/aguinaudeau/Library/Application Support/MiKTeX/texmfs/install/tex/late
x/base/ifthen.sty"
Package: ifthen 2014/09/29 v1.1c Standard LaTeX ifthen package (DPC)
)
\algocf@hangindent=\skip50

("/Users/aguinaudeau/Library/Application Support/MiKTeX/texmfs/install/tex/late
x/ifoddpage/ifoddpage.sty"
Package: ifoddpage 2016/04/23 v1.1 Conditionals for odd/even page detection
\c@checkoddpage=\count110
)
("/Users/aguinaudeau/Library/Application Support/MiKTeX/texmfs/install/tex/late
x/tools/xspace.sty"
Package: xspace 2014/10/28 v1.13 Space after command names (DPC,MH)
)
("/Users/aguinaudeau/Library/Application Support/MiKTeX/texmfs/install/tex/late
x/ltxmisc/relsize.sty"
Package: relsize 2003/07/04 ver 3.1
)
\skiptotal=\skip51
\skiplinenumber=\skip52
\skiprule=\skip53
\skiphlne=\skip54
\skiptext=\skip55
\skiplength=\skip56
\algomargin=\skip57
\skipalgocfslide=\skip58
\algowidth=\dimen118
\inoutsize=\dimen119
\inoutindent=\dimen120
\interspacetitleruled=\dimen121
\interspacealgoruled=\dimen122
\interspacetitleboxruled=\dimen123
\algocf@ruledwidth=\skip59
\algocf@inoutbox=\box28
\algocf@inputbox=\box29
\AlCapSkip=\skip60
\AlCapHSkip=\skip61
\algoskipindent=\skip62
\algocf@nlbox=\box30
\algocf@hangingbox=\box31
\algocf@untilbox=\box32
\algocf@skipuntil=\skip63
\algocf@capbox=\box33
\algocf@lcaptionbox=\skip64
\algoheightruledefault=\skip65
\algoheightrule=\skip66
\algotitleheightruledefault=\skip67
\algotitleheightrule=\skip68
\c@algocfline=\count111
\c@algocfproc=\count112
\c@algocf=\count113
\algocf@algoframe=\box34
\algocf@algobox=\box35
)
\c@thm=\count114
 (master_thesis.aux)
\openout1 = `master_thesis.aux'.

LaTeX Font Info:    Checking defaults for OML/cmm/m/it on input line 39.
LaTeX Font Info:    ... okay on input line 39.
LaTeX Font Info:    Checking defaults for T1/cmr/m/n on input line 39.
LaTeX Font Info:    ... okay on input line 39.
LaTeX Font Info:    Checking defaults for OT1/cmr/m/n on input line 39.
LaTeX Font Info:    ... okay on input line 39.
LaTeX Font Info:    Checking defaults for OMS/cmsy/m/n on input line 39.
LaTeX Font Info:    ... okay on input line 39.
LaTeX Font Info:    Checking defaults for OMX/cmex/m/n on input line 39.
LaTeX Font Info:    ... okay on input line 39.
LaTeX Font Info:    Checking defaults for U/cmr/m/n on input line 39.
LaTeX Font Info:    ... okay on input line 39.
LaTeX Font Info:    Checking defaults for TS1/cmr/m/n on input line 39.
LaTeX Font Info:    Try loading font information for TS1+cmr on input line 39.

("/Users/aguinaudeau/Library/Application Support/MiKTeX/texmfs/install/tex/late
x/base/ts1cmr.fd"
File: ts1cmr.fd 2014/09/29 v2.5h Standard LaTeX font definitions
)
LaTeX Font Info:    ... okay on input line 39.
LaTeX Font Info:    Checking defaults for PD1/pdf/m/n on input line 39.
LaTeX Font Info:    ... okay on input line 39.
LaTeX Font Info:    Try loading font information for T1+lmr on input line 39.

("/Users/aguinaudeau/Library/Application Support/MiKTeX/texmfs/install/tex/late
x/lm/t1lmr.fd"
File: t1lmr.fd 2009/10/30 v1.6 Font defs for Latin Modern
)
("/Users/aguinaudeau/Library/Application Support/MiKTeX/texmfs/install/tex/cont
ext/base/supp-pdf.mkii"
[Loading MPS to PDF converter (version 2006.09.02).]
\scratchcounter=\count115
\scratchdimen=\dimen124
\scratchbox=\box36
\nofMPsegments=\count116
\nofMParguments=\count117
\everyMPshowfont=\toks28
\MPscratchCnt=\count118
\MPscratchDim=\dimen125
\MPnumerator=\count119
\makeMPintoPDFobject=\count120
\everyMPtoPDFconversion=\toks29
)
("/Users/aguinaudeau/Library/Application Support/MiKTeX/texmfs/install/tex/late
x/oberdiek/epstopdf-base.sty"
Package: epstopdf-base 2016/05/15 v2.6 Base part for package epstopdf

("/Users/aguinaudeau/Library/Application Support/MiKTeX/texmfs/install/tex/late
x/oberdiek/grfext.sty"
Package: grfext 2016/05/16 v1.2 Manage graphics extensions (HO)
)
Package epstopdf-base Info: Redefining graphics rule for `.eps' on input line 4
38.
Package grfext Info: Graphics extension search list:
(grfext)             [.pdf,.png,.jpg,.mps,.jpeg,.jbig2,.jb2,.PDF,.PNG,.JPG,.JPE
G,.JBIG2,.JB2,.eps]
(grfext)             \AppendGraphicsExtensions on input line 456.
)
\AtBeginShipoutBox=\box37
Package hyperref Info: Link coloring OFF on input line 39.

("/Users/aguinaudeau/Library/Application Support/MiKTeX/texmfs/install/tex/late
x/hyperref/nameref.sty"
Package: nameref 2016/05/21 v2.44 Cross-referencing by name of section

("/Users/aguinaudeau/Library/Application Support/MiKTeX/texmfs/install/tex/gene
ric/oberdiek/gettitlestring.sty"
Package: gettitlestring 2016/05/16 v1.5 Cleanup title references (HO)
)
\c@section@level=\count121
)
LaTeX Info: Redefining \ref on input line 39.
LaTeX Info: Redefining \pageref on input line 39.
LaTeX Info: Redefining \nameref on input line 39.
 (master_thesis.out) (master_thesis.out)
\@outlinefile=\write3
\openout3 = `master_thesis.out'.

LaTeX Font Info:    Try loading font information for OT1+lmr on input line 42.

("/Users/aguinaudeau/Library/Application Support/MiKTeX/texmfs/install/tex/late
x/lm/ot1lmr.fd"
File: ot1lmr.fd 2009/10/30 v1.6 Font defs for Latin Modern
)
LaTeX Font Info:    Try loading font information for OML+lmm on input line 42.

("/Users/aguinaudeau/Library/Application Support/MiKTeX/texmfs/install/tex/late
x/lm/omllmm.fd"
File: omllmm.fd 2009/10/30 v1.6 Font defs for Latin Modern
)
LaTeX Font Info:    Try loading font information for OMS+lmsy on input line 42.


("/Users/aguinaudeau/Library/Application Support/MiKTeX/texmfs/install/tex/late
x/lm/omslmsy.fd"
File: omslmsy.fd 2009/10/30 v1.6 Font defs for Latin Modern
)
LaTeX Font Info:    Try loading font information for OMX+lmex on input line 42.


("/Users/aguinaudeau/Library/Application Support/MiKTeX/texmfs/install/tex/late
x/lm/omxlmex.fd"
File: omxlmex.fd 2009/10/30 v1.6 Font defs for Latin Modern
)
LaTeX Font Info:    External font `lmex10' loaded for size
(Font)              <14.4> on input line 42.
LaTeX Font Info:    External font `lmex10' loaded for size
(Font)              <10> on input line 42.
LaTeX Font Info:    External font `lmex10' loaded for size
(Font)              <7> on input line 42.
LaTeX Font Info:    Try loading font information for U+msa on input line 42.

("/Users/aguinaudeau/Library/Application Support/MiKTeX/texmfs/install/tex/late
x/amsfonts/umsa.fd"
File: umsa.fd 2013/01/14 v3.01 AMS symbols A
)
LaTeX Font Info:    Try loading font information for U+msb on input line 42.

("/Users/aguinaudeau/Library/Application Support/MiKTeX/texmfs/install/tex/late
x/amsfonts/umsb.fd"
File: umsb.fd 2013/01/14 v3.01 AMS symbols B
) [1

{/Users/aguinaudeau/Library/Application Support/MiKTeX/texmfs/data/pdftex/confi
g/pdftex.map}] (master_thesis.toc
LaTeX Font Info:    External font `lmex10' loaded for size
(Font)              <12> on input line 4.
LaTeX Font Info:    External font `lmex10' loaded for size
(Font)              <8> on input line 4.
LaTeX Font Info:    External font `lmex10' loaded for size
(Font)              <6> on input line 4.
)
\tf@toc=\write4
\openout4 = `master_thesis.toc'.

 [2]
Underfull \hbox (badness 10000) in paragraph at lines 53--58

 []


Overfull \hbox (4.29675pt too wide) in paragraph at lines 73--74
\T1/lmr/bx/n/12 metric can be defined to measure association between heterogene
ous
 []

[3] [4]
Overfull \hbox (9.13144pt too wide) in paragraph at lines 95--96
[]\T1/lmr/m/n/12 In this case, the \T1/lmr/m/it/12 Spearman \T1/lmr/m/n/12 coef
ficient is more robust (although less efficient),
 []


Overfull \hbox (1.92668pt too wide) in paragraph at lines 95--96
\T1/lmr/m/n/12 as it only compares ranks between elements, and therefore captur
es monotonic
 []

[5

] [6]
Overfull \hbox (1.58604pt too wide) in paragraph at lines 110--110
[]\T1/lmr/bx/n/17.28 Defining association for heterogeneous time
 []


Underfull \hbox (badness 10000) in paragraph at lines 135--136

 []


Overfull \hbox (10.7166pt too wide) in paragraph at lines 137--150
[] 
 []

[7]
<categorical_event_series.png, id=191, 1049.9225pt x 265.99374pt>
File: categorical_event_series.png Graphic file (type png)
<use categorical_event_series.png>
Package pdftex.def Info: categorical_event_series.png  used on input line 164.
(pdftex.def)             Requested size: 390.0pt x 98.80577pt.

Overfull \hbox (3.75552pt too wide) in paragraph at lines 175--180
\T1/lmr/m/n/12 preprocessed (potentially de-trended, de-seasoned, shifted, smoo
thed, derived,
 []


Overfull \hbox (9.89038pt too wide) in paragraph at lines 175--180
\T1/lmr/m/n/12 This is not a real loss of generality, because one can derive mu
ltiple preprocessed
 []

[8 <./categorical_event_series.png>]
<numerical_event_series.png, id=201, 1020.81375pt x 466.74374pt>
File: numerical_event_series.png Graphic file (type png)
<use numerical_event_series.png>
Package pdftex.def Info: numerical_event_series.png  used on input line 195.
(pdftex.def)             Requested size: 390.0pt x 178.3188pt.
 [9 <./numerical_event_series.png>]
Overfull \hbox (6.13318pt too wide) in paragraph at lines 218--219
\T1/lmr/m/n/12 Pearson correlation coefficient indicates that the knowledge of 
a series increases
 []

[10]
Overfull \hbox (3.64714pt too wide) in paragraph at lines 247--249
 []\T1/lmr/bx/n/12 Numerical data[] \T1/lmr/m/n/12 In the second case however, 
these coefficients give different
 []


Overfull \hbox (1.49922pt too wide) in paragraph at lines 250--251
[]\T1/lmr/m/n/12 These two coefficients are interesting to consider in addition
 to the Pearson
 []


Overfull \hbox (17.69827pt too wide) in paragraph at lines 260--262
 []\T1/lmr/bx/n/12 Categorical data[] \T1/lmr/m/n/12 We can formulate the examp
les as null hypothesis problems.
 []


Overfull \hbox (10.7166pt too wide) in paragraph at lines 265--275
[]
 []

[11]
Overfull \hbox (10.7166pt too wide) in paragraph at lines 286--294
[]
 []


Underfull \hbox (badness 10000) in paragraph at lines 298--299

 []


Overfull \hbox (34.71481pt too wide) in paragraph at lines 304--305
 []\T1/lmr/bx/n/12 Mutual Information[] \T1/lmr/m/n/12 When considering categor
ical data, measures of association
 []


Overfull \hbox (4.99158pt too wide) in paragraph at lines 308--309
[]\T1/lmr/m/n/12 where $\OML/lmm/m/it/12 H$ \T1/lmr/m/n/12 denote the entropies
 and $\OML/lmm/m/it/12 p$ \T1/lmr/m/n/12 denotes probabilities. More specifical
ly
 []


Overfull \hbox (11.13077pt too wide) in paragraph at lines 308--309
\OML/lmm/m/it/12 p\OT1/lmr/m/n/12 (\OML/lmm/m/it/12 x; y\OT1/lmr/m/n/12 )$ \T1/
lmr/m/n/12 is a joint probability function, and $\OML/lmm/m/it/12 p\OT1/lmr/m/n
/12 (\OML/lmm/m/it/12 x\OT1/lmr/m/n/12 )$ \T1/lmr/m/n/12 and $\OML/lmm/m/it/12 
p\OT1/lmr/m/n/12 (\OML/lmm/m/it/12 y\OT1/lmr/m/n/12 )$ \T1/lmr/m/n/12 are margi
nal probability
 []

[12] [13] [14]pdfTeX warning (ext4): destination with the same identifier (name
{section.1}) has been already used, duplicate ignored
<to be read again> 
                   \relax 
l.374 \section{Mutual information generalization}
                                                 \label{appendix} [15]
Underfull \hbox (badness 4556) in paragraph at lines 398--402
\T1/lmr/m/it/12 Stochastic climate models, Part II - Application to sea-surface

 []


Underfull \hbox (badness 10000) in paragraph at lines 398--402

 []


Underfull \hbox (badness 10000) in paragraph at lines 405--409

 []


Underfull \hbox (badness 2119) in paragraph at lines 421--425
\T1/lmr/m/it/12 Exact inference for Kendall's S and Spearman's rho\T1/lmr/m/n/1
2 , Journal of
 []


Underfull \hbox (badness 10000) in paragraph at lines 427--431

 []


Underfull \hbox (badness 1789) in paragraph at lines 433--435
\T1/lmr/m/it/12 An information-theoretic model for rule-based expert systems\T1
/lmr/m/n/12 , Int.
 []


Underfull \hbox (badness 10000) in paragraph at lines 438--441

 []


Underfull \hbox (badness 10000) in paragraph at lines 445--449

 []

[16

]
Underfull \hbox (badness 10000) in paragraph at lines 458--462

 []


Underfull \hbox (badness 10000) in paragraph at lines 470--475

 []


Underfull \hbox (badness 3354) in paragraph at lines 477--482
\T1/lmr/m/it/12 Fast outlier detection in high dimensional spaces\T1/lmr/m/n/12
 ,In PKDD '02:
 []


Underfull \hbox (badness 10000) in paragraph at lines 485--489

 []

LaTeX Font Info:    Try loading font information for TS1+lmr on input line 495.


("/Users/aguinaudeau/Library/Application Support/MiKTeX/texmfs/install/tex/late
x/lm/ts1lmr.fd"
File: ts1lmr.fd 2009/10/30 v1.6 Font defs for Latin Modern
)
Underfull \hbox (badness 1430) in paragraph at lines 495--498
\T1/lmr/m/it/12 Estimating mutual information\T1/lmr/m/n/12 , Phys. Rev. E 2004
, 69: 066138.
 []


Underfull \hbox (badness 10000) in paragraph at lines 495--498

 []


Underfull \hbox (badness 10000) in paragraph at lines 507--511

 []

[17]
Underfull \hbox (badness 1668) in paragraph at lines 513--516
\T1/lmr/m/it/12 Comparison of Spearman's rho and Kendall's tau in normal and
 []


Underfull \hbox (badness 10000) in paragraph at lines 513--516
\T1/lmr/m/it/12 contaminated normal models\T1/lmr/m/n/12 , Manuscript submitted
 to IEEE
 []


Underfull \hbox (badness 10000) in paragraph at lines 513--516

 []


Underfull \hbox (badness 10000) in paragraph at lines 526--530

 []

Package atveryend Info: Empty hook `BeforeClearDocument' on input line 542.
[18]
Package atveryend Info: Empty hook `AfterLastShipout' on input line 542.
 (master_thesis.aux)
Package atveryend Info: Executing hook `AtVeryEndDocument' on input line 542.
Package atveryend Info: Executing hook `AtEndAfterFileList' on input line 542.
Package rerunfilecheck Info: File `master_thesis.out' has not changed.
(rerunfilecheck)             Checksum: 6CB5A0A789364372A51F6F71BAF219E6;1709.
Package atveryend Info: Empty hook `AtVeryVeryEnd' on input line 542.
 ) 
Here is how much of TeX's memory you used:
 7948 strings out of 495223
 121900 string characters out of 3179895
 198850 words of memory out of 3000000
 11042 multiletter control sequences out of 15000+200000
 57465 words of font info for 57 fonts, out of 3000000 for 9000
 0 hyphenation exceptions out of 8191
 28i,8n,30p,749b,434s stack positions out of 5000i,500n,10000p,200000b,50000s
{/Users/aguinaudeau/Library/Application Support/MiKTeX/texmfs/install/fonts/e
nc/dvips/lm/lm-ts1.enc}{/Users/aguinaudeau/Library/Application Support/MiKTeX/t
exmfs/install/fonts/enc/dvips/lm/lm-mathex.enc}{/Users/aguinaudeau/Library/Appl
ication Support/MiKTeX/texmfs/install/fonts/enc/dvips/lm/lm-rm.enc}{/Users/agui
naudeau/Library/Application Support/MiKTeX/texmfs/install/fonts/enc/dvips/lm/lm
-mathsy.enc}{/Users/aguinaudeau/Library/Application Support/MiKTeX/texmfs/insta
ll/fonts/enc/dvips/lm/lm-mathit.enc}{/Users/aguinaudeau/Library/Application Sup
port/MiKTeX/texmfs/install/fonts/enc/dvips/lm/lm-ec.enc}</Users/aguinaudeau/Lib
rary/Application Support/MiKTeX/texmfs/install/fonts/type1/public/lm/lmbx12.pfb
></Users/aguinaudeau/Library/Application Support/MiKTeX/texmfs/install/fonts/ty
pe1/public/lm/lmcsc10.pfb></Users/aguinaudeau/Library/Application Support/MiKTe
X/texmfs/install/fonts/type1/public/lm/lmex10.pfb></Users/aguinaudeau/Library/A
pplication Support/MiKTeX/texmfs/install/fonts/type1/public/lm/lmmi12.pfb></Use
rs/aguinaudeau/Library/Application Support/MiKTeX/texmfs/install/fonts/type1/pu
blic/lm/lmmi8.pfb></Users/aguinaudeau/Library/Application Support/MiKTeX/texmfs
/install/fonts/type1/public/lm/lmr12.pfb></Users/aguinaudeau/Library/Applicatio
n Support/MiKTeX/texmfs/install/fonts/type1/public/lm/lmr6.pfb></Users/aguinaud
eau/Library/Application Support/MiKTeX/texmfs/install/fonts/type1/public/lm/lmr
8.pfb></Users/aguinaudeau/Library/Application Support/MiKTeX/texmfs/install/fon
ts/type1/public/lm/lmri12.pfb></Users/aguinaudeau/Library/Application Support/M
iKTeX/texmfs/install/fonts/type1/public/lm/lmsy10.pfb></Users/aguinaudeau/Libra
ry/Application Support/MiKTeX/texmfs/install/fonts/type1/public/lm/lmsy8.pfb></
Users/aguinaudeau/Library/Application Support/MiKTeX/texmfs/install/fonts/type1
/public/amsfonts/symbols/msbm10.pfb>
Output written on master_thesis.pdf (18 pages, 366741 bytes).
PDF statistics:
 349 PDF objects out of 1000 (max. 8388607)
 86 named destinations out of 1000 (max. 500000)
 203 words of extra memory for PDF output out of 10000 (max. 10000000)

